<?xml version="1.0" encoding="UTF-8"?>
<!-- Generated by org.testng.reporters.JUnitReportReporter -->
<testsuite hostname="LAPTOP-EEAS1CV9" failures="0" tests="14" name="com.OrangeHrm.TestScripts.InvalidTest" time="12.954" errors="0" timestamp="07 Oct 2024 10:29:58 GMT" skipped="0">
  <testcase classname="com.OrangeHrm.TestScripts.InvalidTest" name="InvalidLogin" time="0.762"/>
  <testcase classname="com.OrangeHrm.TestScripts.InvalidTest" name="InvalidLogin" time="0.759"/>
  <testcase classname="com.OrangeHrm.TestScripts.InvalidTest" name="InvalidLogin" time="0.750"/>
  <testcase classname="com.OrangeHrm.TestScripts.InvalidTest" name="InvalidLogin" time="0.776"/>
  <testcase classname="com.OrangeHrm.TestScripts.InvalidTest" name="InvalidLogin" time="0.815"/>
  <testcase classname="com.OrangeHrm.TestScripts.InvalidTest" name="InvalidLogin" time="0.765"/>
  <testcase classname="com.OrangeHrm.TestScripts.InvalidTest" name="InvalidLogin" time="1.008"/>
  <testcase classname="com.OrangeHrm.TestScripts.InvalidTest" name="InvalidLogin" time="0.781"/>
  <testcase classname="com.OrangeHrm.TestScripts.InvalidTest" name="InvalidLogin" time="0.968"/>
  <testcase classname="com.OrangeHrm.TestScripts.InvalidTest" name="InvalidLogin" time="0.816"/>
  <testcase classname="com.OrangeHrm.TestScripts.InvalidTest" name="InvalidLogin" time="1.449"/>
  <testcase classname="com.OrangeHrm.TestScripts.InvalidTest" name="InvalidLogin" time="0.937"/>
  <testcase classname="com.OrangeHrm.TestScripts.InvalidTest" name="InvalidLogin" time="1.541"/>
  <testcase classname="com.OrangeHrm.TestScripts.InvalidTest" name="InvalidLogin" time="0.827"/>
</testsuite> <!-- com.OrangeHrm.TestScripts.InvalidTest -->
