<?xml version="1.0" encoding="UTF-8"?>
<!-- Generated by org.testng.reporters.JUnitReportReporter -->
<testsuite hostname="LAPTOP-EEAS1CV9" failures="0" tests="6" name="com.OrangeHrm.TestScripts.InvalidLoginTest" time="6.365" errors="0" timestamp="16 Oct 2024 01:46:20 GMT" skipped="0">
  <testcase classname="com.OrangeHrm.TestScripts.InvalidLoginTest" name="InvalidLoginIntoDemoWebShop" time="0.991"/>
  <testcase classname="com.OrangeHrm.TestScripts.InvalidLoginTest" name="InvalidLoginIntoDemoWebShop" time="0.905"/>
  <testcase classname="com.OrangeHrm.TestScripts.InvalidLoginTest" name="InvalidLoginIntoDemoWebShop" time="1.031"/>
  <testcase classname="com.OrangeHrm.TestScripts.InvalidLoginTest" name="InvalidLoginIntoDemoWebShop" time="1.419"/>
  <testcase classname="com.OrangeHrm.TestScripts.InvalidLoginTest" name="InvalidLoginIntoDemoWebShop" time="1.101"/>
  <testcase classname="com.OrangeHrm.TestScripts.InvalidLoginTest" name="InvalidLoginIntoDemoWebShop" time="0.918"/>
</testsuite> <!-- com.OrangeHrm.TestScripts.InvalidLoginTest -->
