<?xml version="1.0" encoding="UTF-8"?>
<!-- Generated by org.testng.reporters.JUnitReportReporter -->
<testsuite hostname="LAPTOP-EEAS1CV9" failures="0" tests="6" name="com.OrangeHrm.TestScripts.InvalidLogin" time="5.980" errors="0" timestamp="08 Oct 2024 01:41:34 GMT" skipped="0">
  <testcase classname="com.OrangeHrm.TestScripts.InvalidLogin" name="InvalidLoginIntoDemoWebShop" time="0.959"/>
  <testcase classname="com.OrangeHrm.TestScripts.InvalidLogin" name="InvalidLoginIntoDemoWebShop" time="0.819"/>
  <testcase classname="com.OrangeHrm.TestScripts.InvalidLogin" name="InvalidLoginIntoDemoWebShop" time="1.393"/>
  <testcase classname="com.OrangeHrm.TestScripts.InvalidLogin" name="InvalidLoginIntoDemoWebShop" time="0.956"/>
  <testcase classname="com.OrangeHrm.TestScripts.InvalidLogin" name="InvalidLoginIntoDemoWebShop" time="1.041"/>
  <testcase classname="com.OrangeHrm.TestScripts.InvalidLogin" name="InvalidLoginIntoDemoWebShop" time="0.812"/>
</testsuite> <!-- com.OrangeHrm.TestScripts.InvalidLogin -->
