<?xml version="1.0" encoding="UTF-8"?>
<!-- Generated by org.testng.reporters.JUnitReportReporter -->
<testsuite hostname="LAPTOP-EEAS1CV9" failures="0" tests="1" name="com.OrangeHrm.TestScripts.SignUpTest" time="9.494" errors="0" timestamp="16 Oct 2024 01:46:20 GMT" skipped="0">
  <testcase classname="com.OrangeHrm.TestScripts.SignUpTest" name="signUp" time="9.494"/>
</testsuite> <!-- com.OrangeHrm.TestScripts.SignUpTest -->
